{"/Users/mathumalecki/projects/Take-home---Statscore/src/app.ts": {"path":"/Users/mathumalecki/projects/Take-home---Statscore/src/app.ts","statementMap":{"0":{"start":{"line":1,"column":0},"end":{"line":1,"column":null}},"1":{"start":{"line":10,"column":0},"end":{"line":10,"column":37}},"2":{"start":{"line":15,"column":4},"end":{"line":25,"column":null}},"3":{"start":{"line":19,"column":8},"end":{"line":19,"column":51}},"4":{"start":{"line":22,"column":8},"end":{"line":22,"column":52}},"5":{"start":{"line":24,"column":8},"end":{"line":24,"column":29}},"6":{"start":{"line":29,"column":4},"end":{"line":31,"column":null}},"7":{"start":{"line":30,"column":6},"end":{"line":30,"column":27}},"8":{"start":{"line":33,"column":4},"end":{"line":36,"column":null}},"9":{"start":{"line":34,"column":21},"end":{"line":34,"column":33}},"10":{"start":{"line":35,"column":6},"end":{"line":35,"column":30}},"11":{"start":{"line":38,"column":4},"end":{"line":49,"column":null}},"12":{"start":{"line":39,"column":23},"end":{"line":39,"column":39}},"13":{"start":{"line":40,"column":24},"end":{"line":40,"column":35}},"14":{"start":{"line":41,"column":26},"end":{"line":41,"column":52}},"15":{"start":{"line":42,"column":37},"end":{"line":42,"column":39}},"16":{"start":{"line":43,"column":21},"end":{"line":43,"column":38}},"17":{"start":{"line":44,"column":6},"end":{"line":46,"column":9}},"18":{"start":{"line":45,"column":8},"end":{"line":45,"column":55}},"19":{"start":{"line":47,"column":24},"end":{"line":47,"column":47}},"20":{"start":{"line":48,"column":6},"end":{"line":48,"column":45}},"21":{"start":{"line":51,"column":4},"end":{"line":51,"column":17}},"22":{"start":{"line":54,"column":36},"end":{"line":54,"column":38}},"23":{"start":{"line":55,"column":15},"end":{"line":55,"column":32}},"24":{"start":{"line":58,"column":0},"end":{"line":67,"column":3}},"25":{"start":{"line":59,"column":15},"end":{"line":59,"column":42}},"26":{"start":{"line":60,"column":16},"end":{"line":60,"column":41}},"27":{"start":{"line":61,"column":2},"end":{"line":66,"column":null}},"28":{"start":{"line":62,"column":4},"end":{"line":65,"column":7}},"29":{"start":{"line":69,"column":0},"end":{"line":69,"column":27}},"30":{"start":{"line":71,"column":0},"end":{"line":71,"column":27}}},"fnMap":{"0":{"name":"(anonymous_1)","decl":{"start":{"line":14,"column":2},"end":{"line":14,"column":15}},"loc":{"start":{"line":14,"column":59},"end":{"line":26,"column":3}}},"1":{"name":"(anonymous_2)","decl":{"start":{"line":28,"column":2},"end":{"line":28,"column":13}},"loc":{"start":{"line":28,"column":29},"end":{"line":52,"column":3}}},"2":{"name":"(anonymous_3)","decl":{"start":{"line":44,"column":21},"end":{"line":44,"column":22}},"loc":{"start":{"line":44,"column":39},"end":{"line":46,"column":7}}},"3":{"name":"(anonymous_4)","decl":{"start":{"line":58,"column":16},"end":{"line":58,"column":17}},"loc":{"start":{"line":58,"column":26},"end":{"line":67,"column":1}}}},"branchMap":{"0":{"loc":{"start":{"line":15,"column":4},"end":{"line":25,"column":null}},"type":"switch","locations":[{"start":{"line":16,"column":6},"end":{"line":16,"column":18}},{"start":{"line":17,"column":6},"end":{"line":17,"column":22}},{"start":{"line":18,"column":6},"end":{"line":19,"column":51}},{"start":{"line":20,"column":6},"end":{"line":20,"column":18}},{"start":{"line":21,"column":6},"end":{"line":22,"column":52}},{"start":{"line":23,"column":6},"end":{"line":24,"column":29}}]},"1":{"loc":{"start":{"line":29,"column":4},"end":{"line":31,"column":null}},"type":"if","locations":[{"start":{"line":29,"column":4},"end":{"line":31,"column":null}}]},"2":{"loc":{"start":{"line":33,"column":4},"end":{"line":36,"column":null}},"type":"if","locations":[{"start":{"line":33,"column":4},"end":{"line":36,"column":null}}]},"3":{"loc":{"start":{"line":38,"column":4},"end":{"line":49,"column":null}},"type":"if","locations":[{"start":{"line":38,"column":4},"end":{"line":49,"column":null}}]},"4":{"loc":{"start":{"line":61,"column":2},"end":{"line":66,"column":null}},"type":"if","locations":[{"start":{"line":61,"column":2},"end":{"line":66,"column":null}}]},"5":{"loc":{"start":{"line":61,"column":6},"end":{"line":61,"column":55}},"type":"binary-expr","locations":[{"start":{"line":61,"column":6},"end":{"line":61,"column":28}},{"start":{"line":61,"column":32},"end":{"line":61,"column":55}}]}},"s":{"0":1,"1":1,"2":8,"3":3,"4":3,"5":2,"6":8,"7":2,"8":6,"9":2,"10":2,"11":4,"12":2,"13":2,"14":2,"15":2,"16":2,"17":2,"18":6,"19":2,"20":2,"21":2,"22":1,"23":1,"24":1,"25":6,"26":6,"27":6,"28":5,"29":1,"30":1},"f":{"0":8,"1":8,"2":6,"3":6},"b":{"0":[1,2,3,2,3,2],"1":[2],"2":[2],"3":[2],"4":[5],"5":[6,5]}}
,"/Users/mathumalecki/projects/Take-home---Statscore/src/types.ts": {"path":"/Users/mathumalecki/projects/Take-home---Statscore/src/types.ts","statementMap":{"0":{"start":{"line":1,"column":13},"end":{"line":1,"column":31}},"1":{"start":{"line":2,"column":13},"end":{"line":2,"column":39}},"2":{"start":{"line":3,"column":13},"end":{"line":3,"column":35}},"3":{"start":{"line":4,"column":13},"end":{"line":4,"column":39}},"4":{"start":{"line":5,"column":13},"end":{"line":5,"column":31}},"5":{"start":{"line":6,"column":13},"end":{"line":6,"column":41}},"6":{"start":{"line":7,"column":13},"end":{"line":7,"column":56}},"7":{"start":{"line":8,"column":13},"end":{"line":8,"column":56}}},"fnMap":{},"branchMap":{},"s":{"0":1,"1":1,"2":1,"3":1,"4":1,"5":1,"6":1,"7":1},"f":{},"b":{}}
,"/Users/mathumalecki/projects/Take-home---Statscore/src/data/matches.ts": {"path":"/Users/mathumalecki/projects/Take-home---Statscore/src/data/matches.ts","statementMap":{"0":{"start":{"line":3,"column":24},"end":{"line":40,"column":2}},"1":{"start":{"line":42,"column":0},"end":{"line":42,"column":23}}},"fnMap":{},"branchMap":{},"s":{"0":1,"1":1},"f":{},"b":{}}
}
