TN:
SF:src/app.ts
FN:14,(anonymous_1)
FN:28,(anonymous_2)
FN:44,(anonymous_3)
FN:58,(anonymous_4)
FNF:4
FNH:4
FNDA:8,(anonymous_1)
FNDA:8,(anonymous_2)
FNDA:6,(anonymous_3)
FNDA:6,(anonymous_4)
DA:1,1
DA:10,1
DA:15,8
DA:19,3
DA:22,3
DA:24,2
DA:29,8
DA:30,2
DA:33,6
DA:34,2
DA:35,2
DA:38,4
DA:39,2
DA:40,2
DA:41,2
DA:42,2
DA:43,2
DA:44,2
DA:45,6
DA:47,2
DA:48,2
DA:51,2
DA:54,1
DA:55,1
DA:58,1
DA:59,6
DA:60,6
DA:61,6
DA:62,5
DA:69,1
DA:71,1
LF:31
LH:31
BRDA:15,0,0,1
BRDA:15,0,1,2
BRDA:15,0,2,3
BRDA:15,0,3,2
BRDA:15,0,4,3
BRDA:15,0,5,2
BRDA:29,1,0,2
BRDA:33,2,0,2
BRDA:38,3,0,2
BRDA:61,4,0,5
BRDA:61,5,0,6
BRDA:61,5,1,5
BRF:12
BRH:12
end_of_record
TN:
SF:src/types.ts
FNF:0
FNH:0
DA:1,1
DA:2,1
DA:3,1
DA:4,1
DA:5,1
DA:6,1
DA:7,1
DA:8,1
LF:8
LH:8
BRF:0
BRH:0
end_of_record
TN:
SF:src/data/matches.ts
FNF:0
FNH:0
DA:3,1
DA:42,1
LF:2
LH:2
BRF:0
BRH:0
end_of_record
